10/21 20:32:08 INFO EvalParallel:  NOTICE set epoch ready (epoch.id=3)
10/21 20:32:08 INFO LocalEngine: epoch Epoch (3) [], , new table(EdgeCnt)
elapsed 1
10/21 20:32:08 INFO EvalParallel:  NOTICE set epoch ready (epoch.id=4)
10/21 20:32:08 INFO LocalEngine: epoch Epoch (4) [], , new table(Node)
elapsed 0
10/21 20:32:08 INFO EvalParallel:  NOTICE set epoch ready (epoch.id=5)
10/21 20:32:08 INFO LocalEngine: epoch Epoch (5) [], , new table(Rank)
elapsed 0
10/21 20:32:09 INFO EvalParallel:  NOTICE set epoch ready (epoch.id=6)
10/21 20:32:09 INFO LocalEngine: epoch Epoch (6) [], , new table(Edge)
elapsed 0
10/21 20:32:09 INFO EvalParallel:  NOTICE set epoch ready (epoch.id=7)
10/21 20:32:09 WARN NativeCodeLoader: Unable to load native-hadoop library for your platform... using builtin-java classes where applicable
10/21 20:32:13 INFO LocalEngine: epoch Epoch (7) [RuleComp {Edge(s,t) :- l=$Builtin.read("hdfs://master:9000/Datasets/PageRank/BerkStan/edge.txt"),(s1, s2)=$Builtin.split(l, "	"),s=$Builtin.toInt(s1),t=$Builtin.toInt(s2).,}, ], 
elapsed 4390
10/21 20:32:13 INFO EvalParallel:  NOTICE set epoch ready (epoch.id=8)
10/21 20:32:13 INFO LocalEngine: epoch Epoch (8) [RuleComp {Node(n) :- l=$Builtin.read("hdfs://master:9000/Datasets/PageRank/BerkStan/node.txt"),n=$Builtin.toInt(l).,}, ], 
elapsed 161
10/21 20:32:14 INFO EvalParallel:  NOTICE set epoch ready (epoch.id=9)
10/21 20:32:14 INFO LocalEngine: epoch Epoch (9) [RuleComp {EdgeCnt(s,$Builtin.inc(1)) :- Edge(s,t).,}, ], 
elapsed 136
10/21 20:32:14 INFO EvalParallel:  NOTICE set epoch ready (epoch.id=10)
10/21 20:32:14 INFO LocalEngine: epoch Epoch (10) [RuleComp {Rank(n,r) :- Node(n),r=(0.2/685230).,}, ], 
elapsed 43
10/21 20:32:14 INFO AsyncCodeGenMain: AsyncTable compiled
10/21 20:32:14 INFO AsyncCodeGenMain: AsyncRuntime compiled
10/21 20:32:14 INFO EvalParallel:  NOTICE set epoch ready (epoch.id=11)
10/21 20:32:14 INFO LocalEngine: epoch Epoch (11) [], , new table(InitTable)
elapsed 0
10/21 20:32:15 INFO EvalParallel:  NOTICE set epoch ready (epoch.id=12)
10/21 20:32:15 INFO LocalEngine: epoch Epoch (12) [RuleComp {InitTable(key,delta,extra,adjacency) :- Rank(key,delta),Edge(key,adjacency),EdgeCnt(key,extra).,}, ], 
elapsed 246
10/21 20:32:15 INFO AsyncRuntime: RECV CMD NOTIFY_INIT CONFIG:CHECK_COND:VALUE>= 0.9999, CHECK_INTERVAL:1000, PRIORITY_TYPE:NONE, ASYNC, NON-LOCK, STATIC, THREAD_NUM:64, INIT_SIZE:0, MESSAGE_INIT_SIZE:10000, MESSAGE_UPDATE_THRESHOLD:1000, MESSAGE_TABLE_WAITING_INTERVAL:1000, PRINT_RESULT:FALSE, SAVE_PATH:null
10/21 20:32:15 INFO AsyncRuntime: Data Loaded size:685230
10/21 20:32:16 INFO AsyncRuntime: Worker started
10/21 20:32:16 INFO AsyncRuntime: sum of value: 0.924839625206129500867291426402516663074493408203125
10/21 20:32:16 INFO AsyncRuntime: UPDATE TIMES:24521538
10/21 20:32:17 INFO AsyncRuntime: sum of value: 0.999989944551011422646524806623347103595733642578125
10/21 20:32:17 INFO AsyncRuntime: UPDATE TIMES:49223655
10/21 20:32:17 INFO BaseAsyncRuntime: UPDATE_TIMES:49226327
10/21 20:32:17 INFO BaseAsyncRuntime: DONE ELAPSED:2088
10/21 20:32:17 INFO BaseAsyncRuntime: CHECKER THREAD EXIT
